<?xml version="1.0" encoding="UTF-8"?>
<!-- Generated by org.testng.reporters.JUnitReportReporter -->
<testsuite hostname="Selva" name="com.practice.itunesapi.ItunesServiceTest" tests="3" failures="0" timestamp="5 Jun 2015 19:59:17 GMT" time="1.200" errors="0">
  <testcase name="validateInput" time="0.000" classname="com.practice.itunesapi.ItunesServiceTest"/>
  <testcase name="validateResponse" time="0.370" classname="com.practice.itunesapi.ItunesServiceTest"/>
  <testcase name="validateBadRequest" time="0.830" classname="com.practice.itunesapi.ItunesServiceTest"/>
</testsuite> <!-- com.practice.itunesapi.ItunesServiceTest -->
